<?xml version="1.0" encoding="UTF-8"?>
<testsuite name="com.jojoidu.book.springboot.web.IndexControllerTest" tests="1" skipped="0" failures="0" errors="0" timestamp="2021-08-14T05:48:57" hostname="macs-MacBook-Pro.local" time="0.243">
  <properties/>
  <testcase name="메인페이지_로딩()" classname="com.jojoidu.book.springboot.web.IndexControllerTest" time="0.243"/>
  <system-out><![CDATA[2021-08-14 14:48:52.515  INFO 10274 --- [    Test worker] .b.t.c.SpringBootTestContextBootstrapper : Neither @ContextConfiguration nor @ContextHierarchy found for test class [com.jojoidu.book.springboot.web.IndexControllerTest], using SpringBootContextLoader
2021-08-14 14:48:52.517  INFO 10274 --- [    Test worker] o.s.t.c.support.AbstractContextLoader    : Could not detect default resource locations for test class [com.jojoidu.book.springboot.web.IndexControllerTest]: no resource found for suffixes {-context.xml, Context.groovy}.
2021-08-14 14:48:52.518  INFO 10274 --- [    Test worker] t.c.s.AnnotationConfigContextLoaderUtils : Could not detect default configuration classes for test class [com.jojoidu.book.springboot.web.IndexControllerTest]: IndexControllerTest does not declare any static, non-private, non-final, nested classes annotated with @Configuration.
2021-08-14 14:48:52.526  INFO 10274 --- [    Test worker] .b.t.c.SpringBootTestContextBootstrapper : Found @SpringBootConfiguration com.jojoidu.book.springboot.Application for test class com.jojoidu.book.springboot.web.IndexControllerTest
2021-08-14 14:48:52.534  INFO 10274 --- [    Test worker] .b.t.c.SpringBootTestContextBootstrapper : Loaded default TestExecutionListener class names from location [META-INF/spring.factories]: [org.springframework.security.test.context.support.WithSecurityContextTestExecutionListener, org.springframework.security.test.context.support.ReactorContextTestExecutionListener, org.springframework.boot.test.autoconfigure.restdocs.RestDocsTestExecutionListener, org.springframework.boot.test.autoconfigure.web.client.MockRestServiceServerResetTestExecutionListener, org.springframework.boot.test.autoconfigure.web.servlet.MockMvcPrintOnlyOnFailureTestExecutionListener, org.springframework.boot.test.autoconfigure.web.servlet.WebDriverTestExecutionListener, org.springframework.boot.test.autoconfigure.webservices.client.MockWebServiceServerTestExecutionListener, org.springframework.boot.test.mock.mockito.MockitoTestExecutionListener, org.springframework.boot.test.mock.mockito.ResetMocksTestExecutionListener, org.springframework.test.context.web.ServletTestExecutionListener, org.springframework.test.context.support.DirtiesContextBeforeModesTestExecutionListener, org.springframework.test.context.support.DependencyInjectionTestExecutionListener, org.springframework.test.context.support.DirtiesContextTestExecutionListener, org.springframework.test.context.transaction.TransactionalTestExecutionListener, org.springframework.test.context.jdbc.SqlScriptsTestExecutionListener, org.springframework.test.context.event.EventPublishingTestExecutionListener]
2021-08-14 14:48:52.541  INFO 10274 --- [    Test worker] .b.t.c.SpringBootTestContextBootstrapper : Using TestExecutionListeners: [org.springframework.test.context.web.ServletTestExecutionListener@225ece2d, org.springframework.test.context.support.DirtiesContextBeforeModesTestExecutionListener@4446cb81, org.springframework.boot.test.mock.mockito.MockitoTestExecutionListener@32150432, org.springframework.boot.test.autoconfigure.SpringBootDependencyInjectionTestExecutionListener@7cb8c74, org.springframework.test.context.support.DirtiesContextTestExecutionListener@53300506, org.springframework.test.context.transaction.TransactionalTestExecutionListener@21d8c622, org.springframework.test.context.jdbc.SqlScriptsTestExecutionListener@3bf662bf, org.springframework.security.test.context.support.WithSecurityContextTestExecutionListener@6005e199, org.springframework.test.context.event.EventPublishingTestExecutionListener@334ec0aa, org.springframework.security.test.context.support.ReactorContextTestExecutionListener@5440f937, org.springframework.boot.test.autoconfigure.restdocs.RestDocsTestExecutionListener@5c2b9a9a, org.springframework.boot.test.autoconfigure.web.client.MockRestServiceServerResetTestExecutionListener@136db1af, org.springframework.boot.test.autoconfigure.web.servlet.MockMvcPrintOnlyOnFailureTestExecutionListener@566368f8, org.springframework.boot.test.autoconfigure.web.servlet.WebDriverTestExecutionListener@539aa42, org.springframework.boot.test.autoconfigure.webservices.client.MockWebServiceServerTestExecutionListener@5c60f35, org.springframework.boot.test.mock.mockito.ResetMocksTestExecutionListener@7b5836eb]

  .   ____          _            __ _ _
 /\\ / ___'_ __ _ _(_)_ __  __ _ \ \ \ \
( ( )\___ | '_ | '_| | '_ \/ _` | \ \ \ \
 \\/  ___)| |_)| | | | | || (_| |  ) ) ) )
  '  |____| .__|_| |_|_| |_\__, | / / / /
 =========|_|==============|___/=/_/_/_/
 :: Spring Boot ::                (v2.4.1)

2021-08-14 14:48:52.623  INFO 10274 --- [    Test worker] c.j.b.s.web.IndexControllerTest          : Starting IndexControllerTest using Java 1.8.0_301 on macs-MacBook-Pro.local with PID 10274 (started by mac in /Users/mac/Documents/GitHub/alone-webservice)
2021-08-14 14:48:52.626  INFO 10274 --- [    Test worker] c.j.b.s.web.IndexControllerTest          : No active profile set, falling back to default profiles: default
2021-08-14 14:48:53.036  INFO 10274 --- [    Test worker] .s.d.r.c.RepositoryConfigurationDelegate : Bootstrapping Spring Data JPA repositories in DEFAULT mode.
2021-08-14 14:48:53.104  INFO 10274 --- [    Test worker] .s.d.r.c.RepositoryConfigurationDelegate : Finished Spring Data repository scanning in 60 ms. Found 2 JPA repository interfaces.
2021-08-14 14:48:53.726  INFO 10274 --- [    Test worker] o.s.b.w.embedded.tomcat.TomcatWebServer  : Tomcat initialized with port(s): 0 (http)
2021-08-14 14:48:53.747  INFO 10274 --- [    Test worker] o.apache.catalina.core.StandardService   : Starting service [Tomcat]
2021-08-14 14:48:53.747  INFO 10274 --- [    Test worker] org.apache.catalina.core.StandardEngine  : Starting Servlet engine: [Apache Tomcat/9.0.41]
2021-08-14 14:48:53.849  INFO 10274 --- [    Test worker] o.a.c.c.C.[Tomcat].[localhost].[/]       : Initializing Spring embedded WebApplicationContext
2021-08-14 14:48:53.849  INFO 10274 --- [    Test worker] w.s.c.ServletWebServerApplicationContext : Root WebApplicationContext: initialization completed in 1219 ms
2021-08-14 14:48:53.933  INFO 10274 --- [    Test worker] com.zaxxer.hikari.HikariDataSource       : HikariPool-1 - Starting...
2021-08-14 14:48:54.209  INFO 10274 --- [    Test worker] com.zaxxer.hikari.HikariDataSource       : HikariPool-1 - Start completed.
2021-08-14 14:48:54.220  INFO 10274 --- [    Test worker] o.s.b.a.h2.H2ConsoleAutoConfiguration    : H2 console available at '/h2-console'. Database available at 'jdbc:h2:mem:testdb'
2021-08-14 14:48:54.540  INFO 10274 --- [    Test worker] o.hibernate.jpa.internal.util.LogHelper  : HHH000204: Processing PersistenceUnitInfo [name: default]
2021-08-14 14:48:54.641  INFO 10274 --- [    Test worker] org.hibernate.Version                    : HHH000412: Hibernate ORM core version 5.4.25.Final
2021-08-14 14:48:54.748  INFO 10274 --- [    Test worker] o.hibernate.annotations.common.Version   : HCANN000001: Hibernate Commons Annotations {5.1.2.Final}
2021-08-14 14:48:54.995  INFO 10274 --- [    Test worker] org.hibernate.dialect.Dialect            : HHH000400: Using dialect: org.hibernate.dialect.MySQL57Dialect
Hibernate: drop table if exists posts
Hibernate: drop table if exists user
Hibernate: create table posts (id bigint not null auto_increment, created_date datetime(6), modified_date datetime(6), author varchar(255), content TEXT not null, title varchar(500) not null, primary key (id)) engine=InnoDB
Hibernate: create table user (id bigint not null auto_increment, created_date datetime(6), modified_date datetime(6), email varchar(255) not null, name varchar(255) not null, picture varchar(255), role varchar(255) not null, primary key (id)) engine=InnoDB
2021-08-14 14:48:56.162  INFO 10274 --- [    Test worker] o.h.e.t.j.p.i.JtaPlatformInitiator       : HHH000490: Using JtaPlatform implementation: [org.hibernate.engine.transaction.jta.platform.internal.NoJtaPlatform]
2021-08-14 14:48:56.180  INFO 10274 --- [    Test worker] j.LocalContainerEntityManagerFactoryBean : Initialized JPA EntityManagerFactory for persistence unit 'default'
2021-08-14 14:48:56.823  WARN 10274 --- [    Test worker] JpaBaseConfiguration$JpaWebConfiguration : spring.jpa.open-in-view is enabled by default. Therefore, database queries may be performed during view rendering. Explicitly configure spring.jpa.open-in-view to disable this warning
2021-08-14 14:48:57.242  INFO 10274 --- [    Test worker] o.s.s.web.DefaultSecurityFilterChain     : Will secure any request with [org.springframework.security.web.context.request.async.WebAsyncManagerIntegrationFilter@3d61c2e2, org.springframework.security.web.context.SecurityContextPersistenceFilter@5ea6632e, org.springframework.security.web.header.HeaderWriterFilter@19324e37, org.springframework.security.web.authentication.logout.LogoutFilter@25e8c982, org.springframework.security.oauth2.client.web.OAuth2AuthorizationRequestRedirectFilter@342d5b65, org.springframework.security.oauth2.client.web.OAuth2LoginAuthenticationFilter@15dd4069, org.springframework.security.web.authentication.ui.DefaultLoginPageGeneratingFilter@66e724ab, org.springframework.security.web.authentication.ui.DefaultLogoutPageGeneratingFilter@f2e5e7b, org.springframework.security.web.savedrequest.RequestCacheAwareFilter@774b3711, org.springframework.security.web.servletapi.SecurityContextHolderAwareRequestFilter@7c038c39, org.springframework.security.web.authentication.AnonymousAuthenticationFilter@5186ca88, org.springframework.security.web.session.SessionManagementFilter@3af4014b, org.springframework.security.web.access.ExceptionTranslationFilter@511f1b70, org.springframework.security.web.access.intercept.FilterSecurityInterceptor@6d0beec3]
2021-08-14 14:48:57.370  INFO 10274 --- [    Test worker] o.s.s.concurrent.ThreadPoolTaskExecutor  : Initializing ExecutorService 'applicationTaskExecutor'
2021-08-14 14:48:57.413  INFO 10274 --- [    Test worker] o.s.b.a.w.s.WelcomePageHandlerMapping    : Adding welcome page template: index
2021-08-14 14:48:57.697  INFO 10274 --- [    Test worker] o.s.b.w.embedded.tomcat.TomcatWebServer  : Tomcat started on port(s): 64336 (http) with context path ''
2021-08-14 14:48:57.714  INFO 10274 --- [    Test worker] s.a.ScheduledAnnotationBeanPostProcessor : No TaskScheduler/ScheduledExecutorService bean found for scheduled processing
2021-08-14 14:48:57.722  INFO 10274 --- [    Test worker] c.j.b.s.web.IndexControllerTest          : Started IndexControllerTest in 5.166 seconds (JVM running for 10.236)
2021-08-14 14:48:57.860  INFO 10274 --- [o-auto-1-exec-1] o.a.c.c.C.[Tomcat].[localhost].[/]       : Initializing Spring DispatcherServlet 'dispatcherServlet'
2021-08-14 14:48:57.860  INFO 10274 --- [o-auto-1-exec-1] o.s.web.servlet.DispatcherServlet        : Initializing Servlet 'dispatcherServlet'
2021-08-14 14:48:57.861  INFO 10274 --- [o-auto-1-exec-1] o.s.web.servlet.DispatcherServlet        : Completed initialization in 1 ms
Hibernate: select posts0_.id as id1_0_, posts0_.created_date as created_2_0_, posts0_.modified_date as modified3_0_, posts0_.author as author4_0_, posts0_.content as content5_0_, posts0_.title as title6_0_ from posts posts0_ order by posts0_.id DESC
]]></system-out>
  <system-err><![CDATA[]]></system-err>
</testsuite>
