<?xml version="1.0" encoding="UTF-8"?>
<testsuite name="com.jojoidu.book.springboot.domain.posts.PostsRepositoryTest" tests="2" skipped="0" failures="0" errors="0" timestamp="2021-08-13T06:39:01" hostname="macs-MacBook-Pro.local" time="0.036">
  <properties/>
  <testcase name="게시글저장_불러오기()" classname="com.jojoidu.book.springboot.domain.posts.PostsRepositoryTest" time="0.022"/>
  <testcase name="BaseTimeEntity_등록()" classname="com.jojoidu.book.springboot.domain.posts.PostsRepositoryTest" time="0.013"/>
  <system-out><![CDATA[2021-08-13 15:38:59.708  INFO 6916 --- [    Test worker] .b.t.c.SpringBootTestContextBootstrapper : Neither @ContextConfiguration nor @ContextHierarchy found for test class [com.jojoidu.book.springboot.domain.posts.PostsRepositoryTest], using SpringBootContextLoader
2021-08-13 15:38:59.709  INFO 6916 --- [    Test worker] o.s.t.c.support.AbstractContextLoader    : Could not detect default resource locations for test class [com.jojoidu.book.springboot.domain.posts.PostsRepositoryTest]: no resource found for suffixes {-context.xml, Context.groovy}.
2021-08-13 15:38:59.709  INFO 6916 --- [    Test worker] t.c.s.AnnotationConfigContextLoaderUtils : Could not detect default configuration classes for test class [com.jojoidu.book.springboot.domain.posts.PostsRepositoryTest]: PostsRepositoryTest does not declare any static, non-private, non-final, nested classes annotated with @Configuration.
2021-08-13 15:38:59.716  INFO 6916 --- [    Test worker] .b.t.c.SpringBootTestContextBootstrapper : Found @SpringBootConfiguration com.jojoidu.book.springboot.Application for test class com.jojoidu.book.springboot.domain.posts.PostsRepositoryTest
2021-08-13 15:38:59.718  INFO 6916 --- [    Test worker] .b.t.c.SpringBootTestContextBootstrapper : Loaded default TestExecutionListener class names from location [META-INF/spring.factories]: [org.springframework.security.test.context.support.WithSecurityContextTestExecutionListener, org.springframework.security.test.context.support.ReactorContextTestExecutionListener, org.springframework.boot.test.autoconfigure.restdocs.RestDocsTestExecutionListener, org.springframework.boot.test.autoconfigure.web.client.MockRestServiceServerResetTestExecutionListener, org.springframework.boot.test.autoconfigure.web.servlet.MockMvcPrintOnlyOnFailureTestExecutionListener, org.springframework.boot.test.autoconfigure.web.servlet.WebDriverTestExecutionListener, org.springframework.boot.test.autoconfigure.webservices.client.MockWebServiceServerTestExecutionListener, org.springframework.boot.test.mock.mockito.MockitoTestExecutionListener, org.springframework.boot.test.mock.mockito.ResetMocksTestExecutionListener, org.springframework.test.context.web.ServletTestExecutionListener, org.springframework.test.context.support.DirtiesContextBeforeModesTestExecutionListener, org.springframework.test.context.support.DependencyInjectionTestExecutionListener, org.springframework.test.context.support.DirtiesContextTestExecutionListener, org.springframework.test.context.transaction.TransactionalTestExecutionListener, org.springframework.test.context.jdbc.SqlScriptsTestExecutionListener, org.springframework.test.context.event.EventPublishingTestExecutionListener]
2021-08-13 15:38:59.718  INFO 6916 --- [    Test worker] .b.t.c.SpringBootTestContextBootstrapper : Using TestExecutionListeners: [org.springframework.test.context.web.ServletTestExecutionListener@5d408aec, org.springframework.test.context.support.DirtiesContextBeforeModesTestExecutionListener@5cac432c, org.springframework.boot.test.mock.mockito.MockitoTestExecutionListener@43d0af7c, org.springframework.boot.test.autoconfigure.SpringBootDependencyInjectionTestExecutionListener@7fb6aae1, org.springframework.test.context.support.DirtiesContextTestExecutionListener@26f85811, org.springframework.test.context.transaction.TransactionalTestExecutionListener@18f3cac1, org.springframework.test.context.jdbc.SqlScriptsTestExecutionListener@5e9e3dec, org.springframework.security.test.context.support.WithSecurityContextTestExecutionListener@14b5757c, org.springframework.test.context.event.EventPublishingTestExecutionListener@70698f2b, org.springframework.security.test.context.support.ReactorContextTestExecutionListener@76cae625, org.springframework.boot.test.autoconfigure.restdocs.RestDocsTestExecutionListener@5914c44d, org.springframework.boot.test.autoconfigure.web.client.MockRestServiceServerResetTestExecutionListener@66355486, org.springframework.boot.test.autoconfigure.web.servlet.MockMvcPrintOnlyOnFailureTestExecutionListener@5a198fbc, org.springframework.boot.test.autoconfigure.web.servlet.WebDriverTestExecutionListener@7bc3a114, org.springframework.boot.test.autoconfigure.webservices.client.MockWebServiceServerTestExecutionListener@48a248d, org.springframework.boot.test.mock.mockito.ResetMocksTestExecutionListener@4857c1fe]

  .   ____          _            __ _ _
 /\\ / ___'_ __ _ _(_)_ __  __ _ \ \ \ \
( ( )\___ | '_ | '_| | '_ \/ _` | \ \ \ \
 \\/  ___)| |_)| | | | | || (_| |  ) ) ) )
  '  |____| .__|_| |_|_| |_\__, | / / / /
 =========|_|==============|___/=/_/_/_/
 :: Spring Boot ::                (v2.4.1)

2021-08-13 15:38:59.764  INFO 6916 --- [    Test worker] c.j.b.s.d.posts.PostsRepositoryTest      : Starting PostsRepositoryTest using Java 1.8.0_301 on macs-MacBook-Pro.local with PID 6916 (started by mac in /Users/mac/Documents/GitHub/alone-webservice)
2021-08-13 15:38:59.766  INFO 6916 --- [    Test worker] c.j.b.s.d.posts.PostsRepositoryTest      : No active profile set, falling back to default profiles: default
2021-08-13 15:38:59.967  INFO 6916 --- [    Test worker] .s.d.r.c.RepositoryConfigurationDelegate : Bootstrapping Spring Data JPA repositories in DEFAULT mode.
2021-08-13 15:38:59.987  INFO 6916 --- [    Test worker] .s.d.r.c.RepositoryConfigurationDelegate : Finished Spring Data repository scanning in 20 ms. Found 2 JPA repository interfaces.
2021-08-13 15:39:00.159  INFO 6916 --- [    Test worker] com.zaxxer.hikari.HikariDataSource       : HikariPool-2 - Starting...
2021-08-13 15:39:00.160  INFO 6916 --- [    Test worker] com.zaxxer.hikari.HikariDataSource       : HikariPool-2 - Start completed.
2021-08-13 15:39:00.177  INFO 6916 --- [    Test worker] o.hibernate.jpa.internal.util.LogHelper  : HHH000204: Processing PersistenceUnitInfo [name: default]
2021-08-13 15:39:00.182  INFO 6916 --- [    Test worker] org.hibernate.dialect.Dialect            : HHH000400: Using dialect: org.hibernate.dialect.MySQL57Dialect
Hibernate: drop table if exists posts
Hibernate: drop table if exists user
Hibernate: create table posts (id bigint not null auto_increment, created_date datetime(6), modified_date datetime(6), author varchar(255), content TEXT not null, title varchar(500) not null, primary key (id)) engine=InnoDB
Hibernate: create table user (id bigint not null auto_increment, created_date datetime(6), modified_date datetime(6), email varchar(255) not null, name varchar(255) not null, picture varchar(255), role varchar(255) not null, primary key (id)) engine=InnoDB
2021-08-13 15:39:00.244  INFO 6916 --- [    Test worker] o.h.e.t.j.p.i.JtaPlatformInitiator       : HHH000490: Using JtaPlatform implementation: [org.hibernate.engine.transaction.jta.platform.internal.NoJtaPlatform]
2021-08-13 15:39:00.244  INFO 6916 --- [    Test worker] j.LocalContainerEntityManagerFactoryBean : Initialized JPA EntityManagerFactory for persistence unit 'default'
2021-08-13 15:39:00.376  WARN 6916 --- [    Test worker] JpaBaseConfiguration$JpaWebConfiguration : spring.jpa.open-in-view is enabled by default. Therefore, database queries may be performed during view rendering. Explicitly configure spring.jpa.open-in-view to disable this warning
2021-08-13 15:39:00.559  INFO 6916 --- [    Test worker] o.s.s.web.DefaultSecurityFilterChain     : Will secure any request with [org.springframework.security.web.context.request.async.WebAsyncManagerIntegrationFilter@1a7f4384, org.springframework.security.web.context.SecurityContextPersistenceFilter@a788a99, org.springframework.security.web.header.HeaderWriterFilter@946afd5, org.springframework.security.web.authentication.logout.LogoutFilter@ff254c2, org.springframework.security.oauth2.client.web.OAuth2AuthorizationRequestRedirectFilter@1a50d4fa, org.springframework.security.oauth2.client.web.OAuth2LoginAuthenticationFilter@1dbe4c21, org.springframework.security.web.authentication.ui.DefaultLoginPageGeneratingFilter@6d7ec7a1, org.springframework.security.web.authentication.ui.DefaultLogoutPageGeneratingFilter@57bee46d, org.springframework.security.web.savedrequest.RequestCacheAwareFilter@974a6c2, org.springframework.security.web.servletapi.SecurityContextHolderAwareRequestFilter@35f0983e, org.springframework.security.web.authentication.AnonymousAuthenticationFilter@4bd51d64, org.springframework.security.web.session.SessionManagementFilter@272fef3e, org.springframework.security.web.access.ExceptionTranslationFilter@579a82a6, org.springframework.security.web.access.intercept.FilterSecurityInterceptor@2f4c481e]
2021-08-13 15:39:00.737  INFO 6916 --- [    Test worker] o.s.s.concurrent.ThreadPoolTaskExecutor  : Initializing ExecutorService 'applicationTaskExecutor'
2021-08-13 15:39:00.753  INFO 6916 --- [    Test worker] o.s.b.a.h2.H2ConsoleAutoConfiguration    : H2 console available at '/h2-console'. Database available at 'jdbc:h2:mem:testdb'
2021-08-13 15:39:00.783  INFO 6916 --- [    Test worker] o.s.b.a.w.s.WelcomePageHandlerMapping    : Adding welcome page template: index
2021-08-13 15:39:01.130  INFO 6916 --- [    Test worker] s.a.ScheduledAnnotationBeanPostProcessor : No TaskScheduler/ScheduledExecutorService bean found for scheduled processing
2021-08-13 15:39:01.131  INFO 6916 --- [    Test worker] c.j.b.s.d.posts.PostsRepositoryTest      : Started PostsRepositoryTest in 1.411 seconds (JVM running for 11.632)
Hibernate: insert into posts (created_date, modified_date, author, content, title) values (?, ?, ?, ?, ?)
Hibernate: select posts0_.id as id1_0_, posts0_.created_date as created_2_0_, posts0_.modified_date as modified3_0_, posts0_.author as author4_0_, posts0_.content as content5_0_, posts0_.title as title6_0_ from posts posts0_
Hibernate: select posts0_.id as id1_0_, posts0_.created_date as created_2_0_, posts0_.modified_date as modified3_0_, posts0_.author as author4_0_, posts0_.content as content5_0_, posts0_.title as title6_0_ from posts posts0_
Hibernate: delete from posts where id=?
Hibernate: insert into posts (created_date, modified_date, author, content, title) values (?, ?, ?, ?, ?)
Hibernate: select posts0_.id as id1_0_, posts0_.created_date as created_2_0_, posts0_.modified_date as modified3_0_, posts0_.author as author4_0_, posts0_.content as content5_0_, posts0_.title as title6_0_ from posts posts0_
>>>>> createdDate = 2021-08-13T15:39:01.159, modifiedDate = 2021-08-13T15:39:01.159
Hibernate: select posts0_.id as id1_0_, posts0_.created_date as created_2_0_, posts0_.modified_date as modified3_0_, posts0_.author as author4_0_, posts0_.content as content5_0_, posts0_.title as title6_0_ from posts posts0_
Hibernate: delete from posts where id=?
]]></system-out>
  <system-err><![CDATA[]]></system-err>
</testsuite>
