<?xml version="1.0" encoding="UTF-8"?>
<testsuite name="com.jojoidu.book.springboot.web.ProfileControllerUnitTest" tests="2" skipped="0" failures="0" errors="0" timestamp="2021-08-14T14:30:02" hostname="macs-MacBook-Pro.local" time="0.001">
  <properties/>
  <testcase name="real_profile이_조회됩니다" classname="com.jojoidu.book.springboot.web.ProfileControllerUnitTest" time="0.001"/>
  <testcase name="real_profile이_없으면_첫번째가_조회됩니다" classname="com.jojoidu.book.springboot.web.ProfileControllerUnitTest" time="0.0"/>
  <system-out><![CDATA[]]></system-out>
  <system-err><![CDATA[]]></system-err>
</testsuite>
