<?xml version="1.0" encoding="UTF-8"?>
<testsuite name="com.jojoidu.book.springboot.web.ProfileControllerTest" tests="1" skipped="0" failures="0" errors="0" timestamp="2021-08-14T12:48:55" hostname="macs-MacBook-Pro.local" time="0.404">
  <properties/>
  <testcase name="profile은_인증없이_호출됩니다()" classname="com.jojoidu.book.springboot.web.ProfileControllerTest" time="0.404"/>
  <system-out><![CDATA[21:48:47.241 [Test worker] DEBUG org.springframework.test.context.BootstrapUtils - Instantiating CacheAwareContextLoaderDelegate from class [org.springframework.test.context.cache.DefaultCacheAwareContextLoaderDelegate]
21:48:47.262 [Test worker] DEBUG org.springframework.test.context.BootstrapUtils - Instantiating BootstrapContext using constructor [public org.springframework.test.context.support.DefaultBootstrapContext(java.lang.Class,org.springframework.test.context.CacheAwareContextLoaderDelegate)]
21:48:47.315 [Test worker] DEBUG org.springframework.test.context.BootstrapUtils - Instantiating TestContextBootstrapper for test class [com.jojoidu.book.springboot.web.ProfileControllerTest] from class [org.springframework.boot.test.context.SpringBootTestContextBootstrapper]
21:48:47.332 [Test worker] INFO org.springframework.boot.test.context.SpringBootTestContextBootstrapper - Neither @ContextConfiguration nor @ContextHierarchy found for test class [com.jojoidu.book.springboot.web.ProfileControllerTest], using SpringBootContextLoader
21:48:47.339 [Test worker] DEBUG org.springframework.test.context.support.AbstractContextLoader - Did not detect default resource location for test class [com.jojoidu.book.springboot.web.ProfileControllerTest]: class path resource [com/jojoidu/book/springboot/web/ProfileControllerTest-context.xml] does not exist
21:48:47.339 [Test worker] DEBUG org.springframework.test.context.support.AbstractContextLoader - Did not detect default resource location for test class [com.jojoidu.book.springboot.web.ProfileControllerTest]: class path resource [com/jojoidu/book/springboot/web/ProfileControllerTestContext.groovy] does not exist
21:48:47.340 [Test worker] INFO org.springframework.test.context.support.AbstractContextLoader - Could not detect default resource locations for test class [com.jojoidu.book.springboot.web.ProfileControllerTest]: no resource found for suffixes {-context.xml, Context.groovy}.
21:48:47.341 [Test worker] INFO org.springframework.test.context.support.AnnotationConfigContextLoaderUtils - Could not detect default configuration classes for test class [com.jojoidu.book.springboot.web.ProfileControllerTest]: ProfileControllerTest does not declare any static, non-private, non-final, nested classes annotated with @Configuration.
21:48:47.401 [Test worker] DEBUG org.springframework.test.context.support.ActiveProfilesUtils - Could not find an 'annotation declaring class' for annotation type [org.springframework.test.context.ActiveProfiles] and class [com.jojoidu.book.springboot.web.ProfileControllerTest]
21:48:47.547 [Test worker] DEBUG org.springframework.context.annotation.ClassPathScanningCandidateComponentProvider - Identified candidate component class: file [/Users/mac/Documents/GitHub/alone-webservice/build/classes/java/test/com/jojoidu/book/springboot/Application.class]
21:48:47.550 [Test worker] DEBUG org.springframework.context.annotation.ClassPathScanningCandidateComponentProvider - Identified candidate component class: file [/Users/mac/Documents/GitHub/alone-webservice/build/classes/java/main/com/jojoidu/book/springboot/Application.class]
21:48:47.551 [Test worker] INFO org.springframework.boot.test.context.SpringBootTestContextBootstrapper - Found @SpringBootConfiguration com.jojoidu.book.springboot.Application for test class com.jojoidu.book.springboot.web.ProfileControllerTest
21:48:47.699 [Test worker] DEBUG org.springframework.boot.test.context.SpringBootTestContextBootstrapper - @TestExecutionListeners is not present for class [com.jojoidu.book.springboot.web.ProfileControllerTest]: using defaults.
21:48:47.700 [Test worker] INFO org.springframework.boot.test.context.SpringBootTestContextBootstrapper - Loaded default TestExecutionListener class names from location [META-INF/spring.factories]: [org.springframework.security.test.context.support.WithSecurityContextTestExecutionListener, org.springframework.security.test.context.support.ReactorContextTestExecutionListener, org.springframework.boot.test.autoconfigure.restdocs.RestDocsTestExecutionListener, org.springframework.boot.test.autoconfigure.web.client.MockRestServiceServerResetTestExecutionListener, org.springframework.boot.test.autoconfigure.web.servlet.MockMvcPrintOnlyOnFailureTestExecutionListener, org.springframework.boot.test.autoconfigure.web.servlet.WebDriverTestExecutionListener, org.springframework.boot.test.autoconfigure.webservices.client.MockWebServiceServerTestExecutionListener, org.springframework.boot.test.mock.mockito.MockitoTestExecutionListener, org.springframework.boot.test.mock.mockito.ResetMocksTestExecutionListener, org.springframework.test.context.web.ServletTestExecutionListener, org.springframework.test.context.support.DirtiesContextBeforeModesTestExecutionListener, org.springframework.test.context.support.DependencyInjectionTestExecutionListener, org.springframework.test.context.support.DirtiesContextTestExecutionListener, org.springframework.test.context.transaction.TransactionalTestExecutionListener, org.springframework.test.context.jdbc.SqlScriptsTestExecutionListener, org.springframework.test.context.event.EventPublishingTestExecutionListener]
21:48:47.741 [Test worker] INFO org.springframework.boot.test.context.SpringBootTestContextBootstrapper - Using TestExecutionListeners: [org.springframework.test.context.web.ServletTestExecutionListener@1295b073, org.springframework.test.context.support.DirtiesContextBeforeModesTestExecutionListener@58c61d2a, org.springframework.boot.test.mock.mockito.MockitoTestExecutionListener@716e5821, org.springframework.boot.test.autoconfigure.SpringBootDependencyInjectionTestExecutionListener@4e0449da, org.springframework.test.context.support.DirtiesContextTestExecutionListener@71ad7e41, org.springframework.test.context.transaction.TransactionalTestExecutionListener@19ea0213, org.springframework.test.context.jdbc.SqlScriptsTestExecutionListener@1a46ee5f, org.springframework.security.test.context.support.WithSecurityContextTestExecutionListener@76602e54, org.springframework.test.context.event.EventPublishingTestExecutionListener@6ca519af, org.springframework.security.test.context.support.ReactorContextTestExecutionListener@259674b2, org.springframework.boot.test.autoconfigure.restdocs.RestDocsTestExecutionListener@80f4249, org.springframework.boot.test.autoconfigure.web.client.MockRestServiceServerResetTestExecutionListener@7feadf92, org.springframework.boot.test.autoconfigure.web.servlet.MockMvcPrintOnlyOnFailureTestExecutionListener@3bc6c9a1, org.springframework.boot.test.autoconfigure.web.servlet.WebDriverTestExecutionListener@2de3098f, org.springframework.boot.test.autoconfigure.webservices.client.MockWebServiceServerTestExecutionListener@5f8c0b70, org.springframework.boot.test.mock.mockito.ResetMocksTestExecutionListener@7633495c]
21:48:47.747 [Test worker] DEBUG org.springframework.test.context.support.AbstractDirtiesContextTestExecutionListener - Before test class: context [DefaultTestContext@1c7ced89 testClass = ProfileControllerTest, testInstance = [null], testMethod = [null], testException = [null], mergedContextConfiguration = [WebMergedContextConfiguration@28dd2382 testClass = ProfileControllerTest, locations = '{}', classes = '{class com.jojoidu.book.springboot.Application}', contextInitializerClasses = '[]', activeProfiles = '{}', propertySourceLocations = '{}', propertySourceProperties = '{org.springframework.boot.test.context.SpringBootTestContextBootstrapper=true, server.port=0}', contextCustomizers = set[org.springframework.boot.test.autoconfigure.actuate.metrics.MetricsExportContextCustomizerFactory$DisableMetricExportContextCustomizer@44be21da, org.springframework.boot.test.autoconfigure.properties.PropertyMappingContextCustomizer@0, org.springframework.boot.test.autoconfigure.web.servlet.WebDriverContextCustomizerFactory$Customizer@21f044b0, org.springframework.boot.test.context.filter.ExcludeFilterContextCustomizer@6fcc9ec7, org.springframework.boot.test.json.DuplicateJsonObjectContextCustomizerFactory$DuplicateJsonObjectContextCustomizer@e740760, org.springframework.boot.test.mock.mockito.MockitoContextCustomizer@0, org.springframework.boot.test.web.client.TestRestTemplateContextCustomizer@26c0728, org.springframework.boot.test.context.SpringBootTestArgs@1, org.springframework.boot.test.context.SpringBootTestWebEnvironment@3699bcef], resourceBasePath = 'src/main/webapp', contextLoader = 'org.springframework.boot.test.context.SpringBootContextLoader', parent = [null]], attributes = map['org.springframework.test.context.web.ServletTestExecutionListener.activateListener' -> false]], class annotated with @DirtiesContext [false] with mode [null].
21:48:47.759 [Test worker] DEBUG org.springframework.test.context.support.DependencyInjectionTestExecutionListener - Performing dependency injection for test context [[DefaultTestContext@1c7ced89 testClass = ProfileControllerTest, testInstance = com.jojoidu.book.springboot.web.ProfileControllerTest@47435bd8, testMethod = [null], testException = [null], mergedContextConfiguration = [WebMergedContextConfiguration@28dd2382 testClass = ProfileControllerTest, locations = '{}', classes = '{class com.jojoidu.book.springboot.Application}', contextInitializerClasses = '[]', activeProfiles = '{}', propertySourceLocations = '{}', propertySourceProperties = '{org.springframework.boot.test.context.SpringBootTestContextBootstrapper=true, server.port=0}', contextCustomizers = set[org.springframework.boot.test.autoconfigure.actuate.metrics.MetricsExportContextCustomizerFactory$DisableMetricExportContextCustomizer@44be21da, org.springframework.boot.test.autoconfigure.properties.PropertyMappingContextCustomizer@0, org.springframework.boot.test.autoconfigure.web.servlet.WebDriverContextCustomizerFactory$Customizer@21f044b0, org.springframework.boot.test.context.filter.ExcludeFilterContextCustomizer@6fcc9ec7, org.springframework.boot.test.json.DuplicateJsonObjectContextCustomizerFactory$DuplicateJsonObjectContextCustomizer@e740760, org.springframework.boot.test.mock.mockito.MockitoContextCustomizer@0, org.springframework.boot.test.web.client.TestRestTemplateContextCustomizer@26c0728, org.springframework.boot.test.context.SpringBootTestArgs@1, org.springframework.boot.test.context.SpringBootTestWebEnvironment@3699bcef], resourceBasePath = 'src/main/webapp', contextLoader = 'org.springframework.boot.test.context.SpringBootContextLoader', parent = [null]], attributes = map['org.springframework.test.context.web.ServletTestExecutionListener.activateListener' -> false]]].
21:48:47.801 [Test worker] DEBUG org.springframework.test.context.support.TestPropertySourceUtils - Adding inlined properties to environment: {spring.jmx.enabled=false, org.springframework.boot.test.context.SpringBootTestContextBootstrapper=true, server.port=0}

  .   ____          _            __ _ _
 /\\ / ___'_ __ _ _(_)_ __  __ _ \ \ \ \
( ( )\___ | '_ | '_| | '_ \/ _` | \ \ \ \
 \\/  ___)| |_)| | | | | || (_| |  ) ) ) )
  '  |____| .__|_| |_|_| |_\__, | / / / /
 =========|_|==============|___/=/_/_/_/
 :: Spring Boot ::                (v2.4.1)

2021-08-14 21:48:48.188  INFO 12911 --- [    Test worker] c.j.b.s.web.ProfileControllerTest        : Starting ProfileControllerTest using Java 1.8.0_301 on macs-MacBook-Pro.local with PID 12911 (started by mac in /Users/mac/Documents/GitHub/alone-webservice)
2021-08-14 21:48:48.190  INFO 12911 --- [    Test worker] c.j.b.s.web.ProfileControllerTest        : No active profile set, falling back to default profiles: default
2021-08-14 21:48:49.115  INFO 12911 --- [    Test worker] .s.d.r.c.RepositoryConfigurationDelegate : Bootstrapping Spring Data JPA repositories in DEFAULT mode.
2021-08-14 21:48:49.206  INFO 12911 --- [    Test worker] .s.d.r.c.RepositoryConfigurationDelegate : Finished Spring Data repository scanning in 81 ms. Found 2 JPA repository interfaces.
2021-08-14 21:48:50.255  INFO 12911 --- [    Test worker] o.s.b.w.embedded.tomcat.TomcatWebServer  : Tomcat initialized with port(s): 0 (http)
2021-08-14 21:48:50.274  INFO 12911 --- [    Test worker] o.apache.catalina.core.StandardService   : Starting service [Tomcat]
2021-08-14 21:48:50.275  INFO 12911 --- [    Test worker] org.apache.catalina.core.StandardEngine  : Starting Servlet engine: [Apache Tomcat/9.0.41]
2021-08-14 21:48:50.387  INFO 12911 --- [    Test worker] o.a.c.c.C.[Tomcat].[localhost].[/]       : Initializing Spring embedded WebApplicationContext
2021-08-14 21:48:50.387  INFO 12911 --- [    Test worker] w.s.c.ServletWebServerApplicationContext : Root WebApplicationContext: initialization completed in 2172 ms
2021-08-14 21:48:50.473  INFO 12911 --- [    Test worker] com.zaxxer.hikari.HikariDataSource       : HikariPool-1 - Starting...
2021-08-14 21:48:50.745  INFO 12911 --- [    Test worker] com.zaxxer.hikari.HikariDataSource       : HikariPool-1 - Start completed.
2021-08-14 21:48:50.758  INFO 12911 --- [    Test worker] o.s.b.a.h2.H2ConsoleAutoConfiguration    : H2 console available at '/h2-console'. Database available at 'jdbc:h2:mem:testdb'
2021-08-14 21:48:51.120  INFO 12911 --- [    Test worker] o.hibernate.jpa.internal.util.LogHelper  : HHH000204: Processing PersistenceUnitInfo [name: default]
2021-08-14 21:48:51.218  INFO 12911 --- [    Test worker] org.hibernate.Version                    : HHH000412: Hibernate ORM core version 5.4.25.Final
2021-08-14 21:48:51.498  INFO 12911 --- [    Test worker] o.hibernate.annotations.common.Version   : HCANN000001: Hibernate Commons Annotations {5.1.2.Final}
2021-08-14 21:48:51.683  INFO 12911 --- [    Test worker] org.hibernate.dialect.Dialect            : HHH000400: Using dialect: org.hibernate.dialect.MySQL57Dialect
Hibernate: drop table if exists posts
Hibernate: drop table if exists user
Hibernate: create table posts (id bigint not null auto_increment, created_date datetime(6), modified_date datetime(6), author varchar(255), content TEXT not null, title varchar(500) not null, primary key (id)) engine=InnoDB
Hibernate: create table user (id bigint not null auto_increment, created_date datetime(6), modified_date datetime(6), email varchar(255) not null, name varchar(255) not null, picture varchar(255), role varchar(255) not null, primary key (id)) engine=InnoDB
2021-08-14 21:48:52.647  INFO 12911 --- [    Test worker] o.h.e.t.j.p.i.JtaPlatformInitiator       : HHH000490: Using JtaPlatform implementation: [org.hibernate.engine.transaction.jta.platform.internal.NoJtaPlatform]
2021-08-14 21:48:52.660  INFO 12911 --- [    Test worker] j.LocalContainerEntityManagerFactoryBean : Initialized JPA EntityManagerFactory for persistence unit 'default'
2021-08-14 21:48:53.561  WARN 12911 --- [    Test worker] JpaBaseConfiguration$JpaWebConfiguration : spring.jpa.open-in-view is enabled by default. Therefore, database queries may be performed during view rendering. Explicitly configure spring.jpa.open-in-view to disable this warning
2021-08-14 21:48:54.201  INFO 12911 --- [    Test worker] o.s.s.web.DefaultSecurityFilterChain     : Will secure any request with [org.springframework.security.web.context.request.async.WebAsyncManagerIntegrationFilter@4dddf6f3, org.springframework.security.web.context.SecurityContextPersistenceFilter@258b863f, org.springframework.security.web.header.HeaderWriterFilter@6dab3121, org.springframework.security.web.authentication.logout.LogoutFilter@7e97878f, org.springframework.security.oauth2.client.web.OAuth2AuthorizationRequestRedirectFilter@6e12fdca, org.springframework.security.oauth2.client.web.OAuth2LoginAuthenticationFilter@1446a112, org.springframework.security.web.authentication.ui.DefaultLoginPageGeneratingFilter@debe530, org.springframework.security.web.authentication.ui.DefaultLogoutPageGeneratingFilter@34b14d5, org.springframework.security.web.savedrequest.RequestCacheAwareFilter@7bc923f5, org.springframework.security.web.servletapi.SecurityContextHolderAwareRequestFilter@7562d26d, org.springframework.security.web.authentication.AnonymousAuthenticationFilter@16d80c53, org.springframework.security.web.session.SessionManagementFilter@4b3fd7b4, org.springframework.security.web.access.ExceptionTranslationFilter@25faa884, org.springframework.security.web.access.intercept.FilterSecurityInterceptor@60d119de]
2021-08-14 21:48:54.504  INFO 12911 --- [    Test worker] o.s.s.concurrent.ThreadPoolTaskExecutor  : Initializing ExecutorService 'applicationTaskExecutor'
2021-08-14 21:48:54.644  INFO 12911 --- [    Test worker] o.s.b.a.w.s.WelcomePageHandlerMapping    : Adding welcome page template: index
2021-08-14 21:48:55.024  INFO 12911 --- [    Test worker] o.s.b.w.embedded.tomcat.TomcatWebServer  : Tomcat started on port(s): 50493 (http) with context path ''
2021-08-14 21:48:55.044  INFO 12911 --- [    Test worker] s.a.ScheduledAnnotationBeanPostProcessor : No TaskScheduler/ScheduledExecutorService bean found for scheduled processing
2021-08-14 21:48:55.055  INFO 12911 --- [    Test worker] c.j.b.s.web.ProfileControllerTest        : Started ProfileControllerTest in 7.25 seconds (JVM running for 8.738)
2021-08-14 21:48:55.290  INFO 12911 --- [o-auto-1-exec-1] o.a.c.c.C.[Tomcat].[localhost].[/]       : Initializing Spring DispatcherServlet 'dispatcherServlet'
2021-08-14 21:48:55.290  INFO 12911 --- [o-auto-1-exec-1] o.s.web.servlet.DispatcherServlet        : Initializing Servlet 'dispatcherServlet'
2021-08-14 21:48:55.292  INFO 12911 --- [o-auto-1-exec-1] o.s.web.servlet.DispatcherServlet        : Completed initialization in 1 ms
]]></system-out>
  <system-err><![CDATA[]]></system-err>
</testsuite>
