<?xml version="1.0" encoding="UTF-8"?>
<testsuite name="com.jojoidu.book.springboot.web.HelloControllerTest" tests="2" skipped="0" failures="0" errors="0" timestamp="2021-08-14T14:30:02" hostname="macs-MacBook-Pro.local" time="0.181">
  <properties/>
  <testcase name="helloDto가_리턴됩니다" classname="com.jojoidu.book.springboot.web.HelloControllerTest" time="0.17"/>
  <testcase name="hello가_리턴됩니다" classname="com.jojoidu.book.springboot.web.HelloControllerTest" time="0.01"/>
  <system-out><![CDATA[2021-08-14 23:30:01.263  INFO 14160 --- [    Test worker] .b.t.a.w.s.WebMvcTestContextBootstrapper : Neither @ContextConfiguration nor @ContextHierarchy found for test class [com.jojoidu.book.springboot.web.HelloControllerTest], using SpringBootContextLoader
2021-08-14 23:30:01.265  INFO 14160 --- [    Test worker] o.s.t.c.support.AbstractContextLoader    : Could not detect default resource locations for test class [com.jojoidu.book.springboot.web.HelloControllerTest]: no resource found for suffixes {-context.xml, Context.groovy}.
2021-08-14 23:30:01.265  INFO 14160 --- [    Test worker] t.c.s.AnnotationConfigContextLoaderUtils : Could not detect default configuration classes for test class [com.jojoidu.book.springboot.web.HelloControllerTest]: HelloControllerTest does not declare any static, non-private, non-final, nested classes annotated with @Configuration.
2021-08-14 23:30:01.293  INFO 14160 --- [    Test worker] .b.t.c.SpringBootTestContextBootstrapper : Found @SpringBootConfiguration com.jojoidu.book.springboot.Application for test class com.jojoidu.book.springboot.web.HelloControllerTest
2021-08-14 23:30:01.295  INFO 14160 --- [    Test worker] .b.t.a.w.s.WebMvcTestContextBootstrapper : Loaded default TestExecutionListener class names from location [META-INF/spring.factories]: [org.springframework.security.test.context.support.WithSecurityContextTestExecutionListener, org.springframework.security.test.context.support.ReactorContextTestExecutionListener, org.springframework.boot.test.autoconfigure.restdocs.RestDocsTestExecutionListener, org.springframework.boot.test.autoconfigure.web.client.MockRestServiceServerResetTestExecutionListener, org.springframework.boot.test.autoconfigure.web.servlet.MockMvcPrintOnlyOnFailureTestExecutionListener, org.springframework.boot.test.autoconfigure.web.servlet.WebDriverTestExecutionListener, org.springframework.boot.test.mock.mockito.MockitoTestExecutionListener, org.springframework.boot.test.mock.mockito.ResetMocksTestExecutionListener, org.springframework.test.context.web.ServletTestExecutionListener, org.springframework.test.context.support.DirtiesContextBeforeModesTestExecutionListener, org.springframework.test.context.support.DependencyInjectionTestExecutionListener, org.springframework.test.context.support.DirtiesContextTestExecutionListener, org.springframework.test.context.transaction.TransactionalTestExecutionListener, org.springframework.test.context.jdbc.SqlScriptsTestExecutionListener]
2021-08-14 23:30:01.297  INFO 14160 --- [    Test worker] .b.t.a.w.s.WebMvcTestContextBootstrapper : Using TestExecutionListeners: [org.springframework.test.context.web.ServletTestExecutionListener@4fb06f8b, org.springframework.test.context.support.DirtiesContextBeforeModesTestExecutionListener@3eefedea, org.springframework.boot.test.mock.mockito.MockitoTestExecutionListener@ea09f96, org.springframework.boot.test.autoconfigure.SpringBootDependencyInjectionTestExecutionListener@32f81698, org.springframework.test.context.support.DirtiesContextTestExecutionListener@7ef8eb7b, org.springframework.test.context.transaction.TransactionalTestExecutionListener@3fb9c9f3, org.springframework.test.context.jdbc.SqlScriptsTestExecutionListener@35efbdbd, org.springframework.security.test.context.support.WithSecurityContextTestExecutionListener@4751214e, org.springframework.security.test.context.support.ReactorContextTestExecutionListener@7ecba9ec, org.springframework.boot.test.autoconfigure.restdocs.RestDocsTestExecutionListener@fcc1197, org.springframework.boot.test.autoconfigure.web.client.MockRestServiceServerResetTestExecutionListener@47864786, org.springframework.boot.test.autoconfigure.web.servlet.MockMvcPrintOnlyOnFailureTestExecutionListener@9934569, org.springframework.boot.test.autoconfigure.web.servlet.WebDriverTestExecutionListener@2ab4097e, org.springframework.boot.test.mock.mockito.ResetMocksTestExecutionListener@459bf516]

  .   ____          _            __ _ _
 /\\ / ___'_ __ _ _(_)_ __  __ _ \ \ \ \
( ( )\___ | '_ | '_| | '_ \/ _` | \ \ \ \
 \\/  ___)| |_)| | | | | || (_| |  ) ) ) )
  '  |____| .__|_| |_|_| |_\__, | / / / /
 =========|_|==============|___/=/_/_/_/
 :: Spring Boot ::        (v2.1.9.RELEASE)

2021-08-14 23:30:01.357  INFO 14160 --- [    Test worker] c.j.b.s.web.HelloControllerTest          : Starting HelloControllerTest on macs-MacBook-Pro.local with PID 14160 (started by mac in /Users/mac/Documents/GitHub/alone-webservice)
2021-08-14 23:30:01.360  INFO 14160 --- [    Test worker] c.j.b.s.web.HelloControllerTest          : No active profile set, falling back to default profiles: default
2021-08-14 23:30:01.879  INFO 14160 --- [    Test worker] o.s.s.concurrent.ThreadPoolTaskExecutor  : Initializing ExecutorService 'applicationTaskExecutor'
2021-08-14 23:30:01.936  INFO 14160 --- [    Test worker] o.s.b.a.w.s.WelcomePageHandlerMapping    : Adding welcome page template: index
2021-08-14 23:30:02.182  INFO 14160 --- [    Test worker] .s.s.UserDetailsServiceAutoConfiguration : 

Using generated security password: b96c480d-f1ca-428b-9635-1acd504f84de

2021-08-14 23:30:02.306  INFO 14160 --- [    Test worker] o.s.s.web.DefaultSecurityFilterChain     : Creating filter chain: any request, [org.springframework.security.web.context.request.async.WebAsyncManagerIntegrationFilter@7e2d8190, org.springframework.security.web.context.SecurityContextPersistenceFilter@5ac8a076, org.springframework.security.web.header.HeaderWriterFilter@3bd0d9e0, org.springframework.security.web.csrf.CsrfFilter@4fe44df3, org.springframework.security.web.authentication.logout.LogoutFilter@7a177fd, org.springframework.security.web.authentication.UsernamePasswordAuthenticationFilter@48502f06, org.springframework.security.web.authentication.ui.DefaultLoginPageGeneratingFilter@33a18991, org.springframework.security.web.authentication.ui.DefaultLogoutPageGeneratingFilter@3f6a58e1, org.springframework.security.web.authentication.www.BasicAuthenticationFilter@760ce3d, org.springframework.security.web.savedrequest.RequestCacheAwareFilter@6cd28bc0, org.springframework.security.web.servletapi.SecurityContextHolderAwareRequestFilter@51704063, org.springframework.security.web.authentication.AnonymousAuthenticationFilter@3e7a6817, org.springframework.security.web.session.SessionManagementFilter@56b680bc, org.springframework.security.web.access.ExceptionTranslationFilter@4e8f0473, org.springframework.security.web.access.intercept.FilterSecurityInterceptor@6c5bde57]
2021-08-14 23:30:02.324  INFO 14160 --- [    Test worker] o.s.b.t.m.w.SpringBootMockServletContext : Initializing Spring TestDispatcherServlet ''
2021-08-14 23:30:02.324  INFO 14160 --- [    Test worker] o.s.t.web.servlet.TestDispatcherServlet  : Initializing Servlet ''
2021-08-14 23:30:02.329  INFO 14160 --- [    Test worker] o.s.t.web.servlet.TestDispatcherServlet  : Completed initialization in 4 ms
2021-08-14 23:30:02.355  INFO 14160 --- [    Test worker] c.j.b.s.web.HelloControllerTest          : Started HelloControllerTest in 1.035 seconds (JVM running for 9.062)
]]></system-out>
  <system-err><![CDATA[]]></system-err>
</testsuite>
