<?xml version="1.0" encoding="UTF-8"?>
<testsuite name="com.jojoidu.book.springboot.web.PostsApiControllerTest" tests="2" skipped="0" failures="0" errors="0" timestamp="2021-08-13T06:38:59" hostname="macs-MacBook-Pro.local" time="0.258">
  <properties/>
  <testcase name="Posts_수정됩니다()" classname="com.jojoidu.book.springboot.web.PostsApiControllerTest" time="0.239"/>
  <testcase name="Posts_등록됩니다()" classname="com.jojoidu.book.springboot.web.PostsApiControllerTest" time="0.017"/>
  <system-out><![CDATA[2021-08-13 15:38:59.437  INFO 6916 --- [    Test worker] .b.t.c.SpringBootTestContextBootstrapper : Neither @ContextConfiguration nor @ContextHierarchy found for test class [com.jojoidu.book.springboot.web.PostsApiControllerTest], using SpringBootContextLoader
2021-08-13 15:38:59.438  INFO 6916 --- [    Test worker] o.s.t.c.support.AbstractContextLoader    : Could not detect default resource locations for test class [com.jojoidu.book.springboot.web.PostsApiControllerTest]: no resource found for suffixes {-context.xml, Context.groovy}.
2021-08-13 15:38:59.439  INFO 6916 --- [    Test worker] t.c.s.AnnotationConfigContextLoaderUtils : Could not detect default configuration classes for test class [com.jojoidu.book.springboot.web.PostsApiControllerTest]: PostsApiControllerTest does not declare any static, non-private, non-final, nested classes annotated with @Configuration.
2021-08-13 15:38:59.441  INFO 6916 --- [    Test worker] .b.t.c.SpringBootTestContextBootstrapper : Found @SpringBootConfiguration com.jojoidu.book.springboot.Application for test class com.jojoidu.book.springboot.web.PostsApiControllerTest
2021-08-13 15:38:59.443  INFO 6916 --- [    Test worker] .b.t.c.SpringBootTestContextBootstrapper : Loaded default TestExecutionListener class names from location [META-INF/spring.factories]: [org.springframework.security.test.context.support.WithSecurityContextTestExecutionListener, org.springframework.security.test.context.support.ReactorContextTestExecutionListener, org.springframework.boot.test.autoconfigure.restdocs.RestDocsTestExecutionListener, org.springframework.boot.test.autoconfigure.web.client.MockRestServiceServerResetTestExecutionListener, org.springframework.boot.test.autoconfigure.web.servlet.MockMvcPrintOnlyOnFailureTestExecutionListener, org.springframework.boot.test.autoconfigure.web.servlet.WebDriverTestExecutionListener, org.springframework.boot.test.autoconfigure.webservices.client.MockWebServiceServerTestExecutionListener, org.springframework.boot.test.mock.mockito.MockitoTestExecutionListener, org.springframework.boot.test.mock.mockito.ResetMocksTestExecutionListener, org.springframework.test.context.web.ServletTestExecutionListener, org.springframework.test.context.support.DirtiesContextBeforeModesTestExecutionListener, org.springframework.test.context.support.DependencyInjectionTestExecutionListener, org.springframework.test.context.support.DirtiesContextTestExecutionListener, org.springframework.test.context.transaction.TransactionalTestExecutionListener, org.springframework.test.context.jdbc.SqlScriptsTestExecutionListener, org.springframework.test.context.event.EventPublishingTestExecutionListener]
2021-08-13 15:38:59.444  INFO 6916 --- [    Test worker] .b.t.c.SpringBootTestContextBootstrapper : Using TestExecutionListeners: [org.springframework.test.context.web.ServletTestExecutionListener@1577b6b6, org.springframework.test.context.support.DirtiesContextBeforeModesTestExecutionListener@108bb3d6, org.springframework.boot.test.mock.mockito.MockitoTestExecutionListener@1ae0d4e3, org.springframework.boot.test.autoconfigure.SpringBootDependencyInjectionTestExecutionListener@7477aa17, org.springframework.test.context.support.DirtiesContextTestExecutionListener@5c1d7029, org.springframework.test.context.transaction.TransactionalTestExecutionListener@11c56d7f, org.springframework.test.context.jdbc.SqlScriptsTestExecutionListener@d9ef468, org.springframework.security.test.context.support.WithSecurityContextTestExecutionListener@44f0d0de, org.springframework.test.context.event.EventPublishingTestExecutionListener@73db6c51, org.springframework.security.test.context.support.ReactorContextTestExecutionListener@49cf59c0, org.springframework.boot.test.autoconfigure.restdocs.RestDocsTestExecutionListener@3388c925, org.springframework.boot.test.autoconfigure.web.client.MockRestServiceServerResetTestExecutionListener@71bc89aa, org.springframework.boot.test.autoconfigure.web.servlet.MockMvcPrintOnlyOnFailureTestExecutionListener@59adca28, org.springframework.boot.test.autoconfigure.web.servlet.WebDriverTestExecutionListener@6a1f9984, org.springframework.boot.test.autoconfigure.webservices.client.MockWebServiceServerTestExecutionListener@1f2ba403, org.springframework.boot.test.mock.mockito.ResetMocksTestExecutionListener@acf8f95]
2021-08-13 15:38:59.455  INFO 6916 --- [    Test worker] o.a.c.c.C.[Tomcat].[localhost].[/]       : Initializing Spring TestDispatcherServlet ''
2021-08-13 15:38:59.455  INFO 6916 --- [    Test worker] o.s.t.web.servlet.TestDispatcherServlet  : Initializing Servlet ''
2021-08-13 15:38:59.457  INFO 6916 --- [    Test worker] o.s.t.web.servlet.TestDispatcherServlet  : Completed initialization in 2 ms
Hibernate: insert into posts (created_date, modified_date, author, content, title) values (?, ?, ?, ?, ?)
Hibernate: select posts0_.id as id1_0_0_, posts0_.created_date as created_2_0_0_, posts0_.modified_date as modified3_0_0_, posts0_.author as author4_0_0_, posts0_.content as content5_0_0_, posts0_.title as title6_0_0_ from posts posts0_ where posts0_.id=?
Hibernate: update posts set created_date=?, modified_date=?, author=?, content=?, title=? where id=?
Hibernate: select posts0_.id as id1_0_, posts0_.created_date as created_2_0_, posts0_.modified_date as modified3_0_, posts0_.author as author4_0_, posts0_.content as content5_0_, posts0_.title as title6_0_ from posts posts0_
Hibernate: select posts0_.id as id1_0_, posts0_.created_date as created_2_0_, posts0_.modified_date as modified3_0_, posts0_.author as author4_0_, posts0_.content as content5_0_, posts0_.title as title6_0_ from posts posts0_
Hibernate: delete from posts where id=?
2021-08-13 15:38:59.691  INFO 6916 --- [    Test worker] o.a.c.c.C.[Tomcat].[localhost].[/]       : Initializing Spring TestDispatcherServlet ''
2021-08-13 15:38:59.691  INFO 6916 --- [    Test worker] o.s.t.web.servlet.TestDispatcherServlet  : Initializing Servlet ''
2021-08-13 15:38:59.692  INFO 6916 --- [    Test worker] o.s.t.web.servlet.TestDispatcherServlet  : Completed initialization in 1 ms
Hibernate: insert into posts (created_date, modified_date, author, content, title) values (?, ?, ?, ?, ?)
Hibernate: select posts0_.id as id1_0_, posts0_.created_date as created_2_0_, posts0_.modified_date as modified3_0_, posts0_.author as author4_0_, posts0_.content as content5_0_, posts0_.title as title6_0_ from posts posts0_
Hibernate: select posts0_.id as id1_0_, posts0_.created_date as created_2_0_, posts0_.modified_date as modified3_0_, posts0_.author as author4_0_, posts0_.content as content5_0_, posts0_.title as title6_0_ from posts posts0_
Hibernate: delete from posts where id=?
]]></system-out>
  <system-err><![CDATA[]]></system-err>
</testsuite>
