<?xml version="1.0" encoding="UTF-8"?>
<testsuite name="com.jojoidu.book.springboot.web.PostsApiControllerTest" tests="2" skipped="0" failures="0" errors="0" timestamp="2021-08-14T14:30:02" hostname="macs-MacBook-Pro.local" time="0.213">
  <properties/>
  <testcase name="Posts_수정됩니다" classname="com.jojoidu.book.springboot.web.PostsApiControllerTest" time="0.192"/>
  <testcase name="Posts_등록됩니다" classname="com.jojoidu.book.springboot.web.PostsApiControllerTest" time="0.02"/>
  <system-out><![CDATA[2021-08-14 23:30:02.659  INFO 14160 --- [    Test worker] .b.t.c.SpringBootTestContextBootstrapper : Neither @ContextConfiguration nor @ContextHierarchy found for test class [com.jojoidu.book.springboot.web.PostsApiControllerTest], using SpringBootContextLoader
2021-08-14 23:30:02.659  INFO 14160 --- [    Test worker] o.s.t.c.support.AbstractContextLoader    : Could not detect default resource locations for test class [com.jojoidu.book.springboot.web.PostsApiControllerTest]: no resource found for suffixes {-context.xml, Context.groovy}.
2021-08-14 23:30:02.659  INFO 14160 --- [    Test worker] t.c.s.AnnotationConfigContextLoaderUtils : Could not detect default configuration classes for test class [com.jojoidu.book.springboot.web.PostsApiControllerTest]: PostsApiControllerTest does not declare any static, non-private, non-final, nested classes annotated with @Configuration.
2021-08-14 23:30:02.661  INFO 14160 --- [    Test worker] .b.t.c.SpringBootTestContextBootstrapper : Found @SpringBootConfiguration com.jojoidu.book.springboot.Application for test class com.jojoidu.book.springboot.web.PostsApiControllerTest
2021-08-14 23:30:02.664  INFO 14160 --- [    Test worker] .b.t.c.SpringBootTestContextBootstrapper : Loaded default TestExecutionListener class names from location [META-INF/spring.factories]: [org.springframework.security.test.context.support.WithSecurityContextTestExecutionListener, org.springframework.security.test.context.support.ReactorContextTestExecutionListener, org.springframework.boot.test.autoconfigure.restdocs.RestDocsTestExecutionListener, org.springframework.boot.test.autoconfigure.web.client.MockRestServiceServerResetTestExecutionListener, org.springframework.boot.test.autoconfigure.web.servlet.MockMvcPrintOnlyOnFailureTestExecutionListener, org.springframework.boot.test.autoconfigure.web.servlet.WebDriverTestExecutionListener, org.springframework.boot.test.mock.mockito.MockitoTestExecutionListener, org.springframework.boot.test.mock.mockito.ResetMocksTestExecutionListener, org.springframework.test.context.web.ServletTestExecutionListener, org.springframework.test.context.support.DirtiesContextBeforeModesTestExecutionListener, org.springframework.test.context.support.DependencyInjectionTestExecutionListener, org.springframework.test.context.support.DirtiesContextTestExecutionListener, org.springframework.test.context.transaction.TransactionalTestExecutionListener, org.springframework.test.context.jdbc.SqlScriptsTestExecutionListener]
2021-08-14 23:30:02.664  INFO 14160 --- [    Test worker] .b.t.c.SpringBootTestContextBootstrapper : Using TestExecutionListeners: [org.springframework.test.context.web.ServletTestExecutionListener@1f83bb67, org.springframework.test.context.support.DirtiesContextBeforeModesTestExecutionListener@34941d1e, org.springframework.boot.test.mock.mockito.MockitoTestExecutionListener@4ca18f5d, org.springframework.boot.test.autoconfigure.SpringBootDependencyInjectionTestExecutionListener@17cebe0, org.springframework.test.context.support.DirtiesContextTestExecutionListener@326202b, org.springframework.test.context.transaction.TransactionalTestExecutionListener@174ea1bc, org.springframework.test.context.jdbc.SqlScriptsTestExecutionListener@57d50f6f, org.springframework.security.test.context.support.WithSecurityContextTestExecutionListener@3190dd9e, org.springframework.security.test.context.support.ReactorContextTestExecutionListener@30594ff, org.springframework.boot.test.autoconfigure.restdocs.RestDocsTestExecutionListener@61a49662, org.springframework.boot.test.autoconfigure.web.client.MockRestServiceServerResetTestExecutionListener@1e75534e, org.springframework.boot.test.autoconfigure.web.servlet.MockMvcPrintOnlyOnFailureTestExecutionListener@293e1133, org.springframework.boot.test.autoconfigure.web.servlet.WebDriverTestExecutionListener@6b3ca87, org.springframework.boot.test.mock.mockito.ResetMocksTestExecutionListener@43614bb5]
2021-08-14 23:30:02.674  INFO 14160 --- [    Test worker] o.a.c.c.C.[Tomcat].[localhost].[/]       : Initializing Spring TestDispatcherServlet ''
2021-08-14 23:30:02.675  INFO 14160 --- [    Test worker] o.s.t.web.servlet.TestDispatcherServlet  : Initializing Servlet ''
2021-08-14 23:30:02.678  INFO 14160 --- [    Test worker] o.s.t.web.servlet.TestDispatcherServlet  : Completed initialization in 3 ms
Hibernate: insert into posts (created_date, modified_date, author, content, title) values (?, ?, ?, ?, ?)
Hibernate: select posts0_.id as id1_0_0_, posts0_.created_date as created_2_0_0_, posts0_.modified_date as modified3_0_0_, posts0_.author as author4_0_0_, posts0_.content as content5_0_0_, posts0_.title as title6_0_0_ from posts posts0_ where posts0_.id=?
Hibernate: update posts set created_date=?, modified_date=?, author=?, content=?, title=? where id=?
Hibernate: select posts0_.id as id1_0_, posts0_.created_date as created_2_0_, posts0_.modified_date as modified3_0_, posts0_.author as author4_0_, posts0_.content as content5_0_, posts0_.title as title6_0_ from posts posts0_
Hibernate: select posts0_.id as id1_0_, posts0_.created_date as created_2_0_, posts0_.modified_date as modified3_0_, posts0_.author as author4_0_, posts0_.content as content5_0_, posts0_.title as title6_0_ from posts posts0_
Hibernate: delete from posts where id=?
2021-08-14 23:30:02.866  INFO 14160 --- [    Test worker] o.a.c.c.C.[Tomcat].[localhost].[/]       : Initializing Spring TestDispatcherServlet ''
2021-08-14 23:30:02.866  INFO 14160 --- [    Test worker] o.s.t.web.servlet.TestDispatcherServlet  : Initializing Servlet ''
2021-08-14 23:30:02.869  INFO 14160 --- [    Test worker] o.s.t.web.servlet.TestDispatcherServlet  : Completed initialization in 3 ms
Hibernate: insert into posts (created_date, modified_date, author, content, title) values (?, ?, ?, ?, ?)
Hibernate: select posts0_.id as id1_0_, posts0_.created_date as created_2_0_, posts0_.modified_date as modified3_0_, posts0_.author as author4_0_, posts0_.content as content5_0_, posts0_.title as title6_0_ from posts posts0_
Hibernate: select posts0_.id as id1_0_, posts0_.created_date as created_2_0_, posts0_.modified_date as modified3_0_, posts0_.author as author4_0_, posts0_.content as content5_0_, posts0_.title as title6_0_ from posts posts0_
Hibernate: delete from posts where id=?
]]></system-out>
  <system-err><![CDATA[]]></system-err>
</testsuite>
