<?xml version="1.0" encoding="UTF-8"?>
<testsuite name="com.jojoidu.book.springboot.web.IndexControllerTest" tests="1" skipped="0" failures="0" errors="0" timestamp="2021-08-14T14:30:02" hostname="macs-MacBook-Pro.local" time="0.107">
  <properties/>
  <testcase name="메인페이지_로딩" classname="com.jojoidu.book.springboot.web.IndexControllerTest" time="0.107"/>
  <system-out><![CDATA[2021-08-14 23:30:02.543  INFO 14160 --- [    Test worker] .b.t.c.SpringBootTestContextBootstrapper : Neither @ContextConfiguration nor @ContextHierarchy found for test class [com.jojoidu.book.springboot.web.IndexControllerTest], using SpringBootContextLoader
2021-08-14 23:30:02.543  INFO 14160 --- [    Test worker] o.s.t.c.support.AbstractContextLoader    : Could not detect default resource locations for test class [com.jojoidu.book.springboot.web.IndexControllerTest]: no resource found for suffixes {-context.xml, Context.groovy}.
2021-08-14 23:30:02.543  INFO 14160 --- [    Test worker] t.c.s.AnnotationConfigContextLoaderUtils : Could not detect default configuration classes for test class [com.jojoidu.book.springboot.web.IndexControllerTest]: IndexControllerTest does not declare any static, non-private, non-final, nested classes annotated with @Configuration.
2021-08-14 23:30:02.545  INFO 14160 --- [    Test worker] .b.t.c.SpringBootTestContextBootstrapper : Found @SpringBootConfiguration com.jojoidu.book.springboot.Application for test class com.jojoidu.book.springboot.web.IndexControllerTest
2021-08-14 23:30:02.546  INFO 14160 --- [    Test worker] .b.t.c.SpringBootTestContextBootstrapper : Loaded default TestExecutionListener class names from location [META-INF/spring.factories]: [org.springframework.security.test.context.support.WithSecurityContextTestExecutionListener, org.springframework.security.test.context.support.ReactorContextTestExecutionListener, org.springframework.boot.test.autoconfigure.restdocs.RestDocsTestExecutionListener, org.springframework.boot.test.autoconfigure.web.client.MockRestServiceServerResetTestExecutionListener, org.springframework.boot.test.autoconfigure.web.servlet.MockMvcPrintOnlyOnFailureTestExecutionListener, org.springframework.boot.test.autoconfigure.web.servlet.WebDriverTestExecutionListener, org.springframework.boot.test.mock.mockito.MockitoTestExecutionListener, org.springframework.boot.test.mock.mockito.ResetMocksTestExecutionListener, org.springframework.test.context.web.ServletTestExecutionListener, org.springframework.test.context.support.DirtiesContextBeforeModesTestExecutionListener, org.springframework.test.context.support.DependencyInjectionTestExecutionListener, org.springframework.test.context.support.DirtiesContextTestExecutionListener, org.springframework.test.context.transaction.TransactionalTestExecutionListener, org.springframework.test.context.jdbc.SqlScriptsTestExecutionListener]
2021-08-14 23:30:02.547  INFO 14160 --- [    Test worker] .b.t.c.SpringBootTestContextBootstrapper : Using TestExecutionListeners: [org.springframework.test.context.web.ServletTestExecutionListener@416e20e9, org.springframework.test.context.support.DirtiesContextBeforeModesTestExecutionListener@2cf12080, org.springframework.boot.test.mock.mockito.MockitoTestExecutionListener@5b631014, org.springframework.boot.test.autoconfigure.SpringBootDependencyInjectionTestExecutionListener@4ca0edea, org.springframework.test.context.support.DirtiesContextTestExecutionListener@7cf9e5ff, org.springframework.test.context.transaction.TransactionalTestExecutionListener@59293fc0, org.springframework.test.context.jdbc.SqlScriptsTestExecutionListener@1a096741, org.springframework.security.test.context.support.WithSecurityContextTestExecutionListener@518d0657, org.springframework.security.test.context.support.ReactorContextTestExecutionListener@62e8d784, org.springframework.boot.test.autoconfigure.restdocs.RestDocsTestExecutionListener@722f3326, org.springframework.boot.test.autoconfigure.web.client.MockRestServiceServerResetTestExecutionListener@23cd614d, org.springframework.boot.test.autoconfigure.web.servlet.MockMvcPrintOnlyOnFailureTestExecutionListener@1acb74dd, org.springframework.boot.test.autoconfigure.web.servlet.WebDriverTestExecutionListener@3ebbd4f7, org.springframework.boot.test.mock.mockito.ResetMocksTestExecutionListener@35066605]
Hibernate: select posts0_.id as id1_0_, posts0_.created_date as created_2_0_, posts0_.modified_date as modified3_0_, posts0_.author as author4_0_, posts0_.content as content5_0_, posts0_.title as title6_0_ from posts posts0_ order by posts0_.id DESC
]]></system-out>
  <system-err><![CDATA[]]></system-err>
</testsuite>
