<?xml version="1.0" encoding="UTF-8"?>
<testsuite name="com.jojoidu.book.springboot.web.dto.HelloResponseDtoTest" tests="1" skipped="0" failures="0" errors="0" timestamp="2021-08-13T06:38:54" hostname="macs-MacBook-Pro.local" time="0.061">
  <properties/>
  <testcase name="롬복_기능을_테스트합니다()" classname="com.jojoidu.book.springboot.web.dto.HelloResponseDtoTest" time="0.061"/>
  <system-out><![CDATA[]]></system-out>
  <system-err><![CDATA[]]></system-err>
</testsuite>
