<?xml version="1.0" encoding="UTF-8"?>
<testsuite name="com.jojoidu.book.springboot.domain.posts.PostsRepositoryTest" tests="2" skipped="0" failures="0" errors="0" timestamp="2021-08-14T14:30:04" hostname="macs-MacBook-Pro.local" time="0.029">
  <properties/>
  <testcase name="게시글저장_불러오기" classname="com.jojoidu.book.springboot.domain.posts.PostsRepositoryTest" time="0.019"/>
  <testcase name="BaseTimeEntity_등록" classname="com.jojoidu.book.springboot.domain.posts.PostsRepositoryTest" time="0.009"/>
  <system-out><![CDATA[2021-08-14 23:30:02.885  INFO 14160 --- [    Test worker] .b.t.c.SpringBootTestContextBootstrapper : Neither @ContextConfiguration nor @ContextHierarchy found for test class [com.jojoidu.book.springboot.domain.posts.PostsRepositoryTest], using SpringBootContextLoader
2021-08-14 23:30:02.886  INFO 14160 --- [    Test worker] o.s.t.c.support.AbstractContextLoader    : Could not detect default resource locations for test class [com.jojoidu.book.springboot.domain.posts.PostsRepositoryTest]: no resource found for suffixes {-context.xml, Context.groovy}.
2021-08-14 23:30:02.886  INFO 14160 --- [    Test worker] t.c.s.AnnotationConfigContextLoaderUtils : Could not detect default configuration classes for test class [com.jojoidu.book.springboot.domain.posts.PostsRepositoryTest]: PostsRepositoryTest does not declare any static, non-private, non-final, nested classes annotated with @Configuration.
2021-08-14 23:30:02.893  INFO 14160 --- [    Test worker] .b.t.c.SpringBootTestContextBootstrapper : Found @SpringBootConfiguration com.jojoidu.book.springboot.Application for test class com.jojoidu.book.springboot.domain.posts.PostsRepositoryTest
2021-08-14 23:30:02.894  INFO 14160 --- [    Test worker] .b.t.c.SpringBootTestContextBootstrapper : Loaded default TestExecutionListener class names from location [META-INF/spring.factories]: [org.springframework.security.test.context.support.WithSecurityContextTestExecutionListener, org.springframework.security.test.context.support.ReactorContextTestExecutionListener, org.springframework.boot.test.autoconfigure.restdocs.RestDocsTestExecutionListener, org.springframework.boot.test.autoconfigure.web.client.MockRestServiceServerResetTestExecutionListener, org.springframework.boot.test.autoconfigure.web.servlet.MockMvcPrintOnlyOnFailureTestExecutionListener, org.springframework.boot.test.autoconfigure.web.servlet.WebDriverTestExecutionListener, org.springframework.boot.test.mock.mockito.MockitoTestExecutionListener, org.springframework.boot.test.mock.mockito.ResetMocksTestExecutionListener, org.springframework.test.context.web.ServletTestExecutionListener, org.springframework.test.context.support.DirtiesContextBeforeModesTestExecutionListener, org.springframework.test.context.support.DependencyInjectionTestExecutionListener, org.springframework.test.context.support.DirtiesContextTestExecutionListener, org.springframework.test.context.transaction.TransactionalTestExecutionListener, org.springframework.test.context.jdbc.SqlScriptsTestExecutionListener]
2021-08-14 23:30:02.895  INFO 14160 --- [    Test worker] .b.t.c.SpringBootTestContextBootstrapper : Using TestExecutionListeners: [org.springframework.test.context.web.ServletTestExecutionListener@34e217bd, org.springframework.test.context.support.DirtiesContextBeforeModesTestExecutionListener@5cb6978e, org.springframework.boot.test.mock.mockito.MockitoTestExecutionListener@87468eb, org.springframework.boot.test.autoconfigure.SpringBootDependencyInjectionTestExecutionListener@267060fc, org.springframework.test.context.support.DirtiesContextTestExecutionListener@20bd470, org.springframework.test.context.transaction.TransactionalTestExecutionListener@6a692958, org.springframework.test.context.jdbc.SqlScriptsTestExecutionListener@41f137ce, org.springframework.security.test.context.support.WithSecurityContextTestExecutionListener@64a3c88c, org.springframework.security.test.context.support.ReactorContextTestExecutionListener@38d7383c, org.springframework.boot.test.autoconfigure.restdocs.RestDocsTestExecutionListener@1b57e597, org.springframework.boot.test.autoconfigure.web.client.MockRestServiceServerResetTestExecutionListener@53d0ee74, org.springframework.boot.test.autoconfigure.web.servlet.MockMvcPrintOnlyOnFailureTestExecutionListener@294dbb2a, org.springframework.boot.test.autoconfigure.web.servlet.WebDriverTestExecutionListener@285a60e7, org.springframework.boot.test.mock.mockito.ResetMocksTestExecutionListener@c855326]

  .   ____          _            __ _ _
 /\\ / ___'_ __ _ _(_)_ __  __ _ \ \ \ \
( ( )\___ | '_ | '_| | '_ \/ _` | \ \ \ \
 \\/  ___)| |_)| | | | | || (_| |  ) ) ) )
  '  |____| .__|_| |_|_| |_\__, | / / / /
 =========|_|==============|___/=/_/_/_/
 :: Spring Boot ::        (v2.1.9.RELEASE)

2021-08-14 23:30:02.927  INFO 14160 --- [    Test worker] c.j.b.s.d.posts.PostsRepositoryTest      : Starting PostsRepositoryTest on macs-MacBook-Pro.local with PID 14160 (started by mac in /Users/mac/Documents/GitHub/alone-webservice)
2021-08-14 23:30:02.928  INFO 14160 --- [    Test worker] c.j.b.s.d.posts.PostsRepositoryTest      : No active profile set, falling back to default profiles: default
2021-08-14 23:30:03.180  INFO 14160 --- [    Test worker] .s.d.r.c.RepositoryConfigurationDelegate : Bootstrapping Spring Data repositories in DEFAULT mode.
2021-08-14 23:30:03.200  INFO 14160 --- [    Test worker] .s.d.r.c.RepositoryConfigurationDelegate : Finished Spring Data repository scanning in 20ms. Found 2 repository interfaces.
2021-08-14 23:30:03.291  INFO 14160 --- [    Test worker] trationDelegate$BeanPostProcessorChecker : Bean 'org.springframework.transaction.annotation.ProxyTransactionManagementConfiguration' of type [org.springframework.transaction.annotation.ProxyTransactionManagementConfiguration$$EnhancerBySpringCGLIB$$5f64a5d4] is not eligible for getting processed by all BeanPostProcessors (for example: not eligible for auto-proxying)
2021-08-14 23:30:03.371  INFO 14160 --- [    Test worker] com.zaxxer.hikari.HikariDataSource       : HikariPool-2 - Starting...
2021-08-14 23:30:03.372  INFO 14160 --- [    Test worker] com.zaxxer.hikari.HikariDataSource       : HikariPool-2 - Start completed.
2021-08-14 23:30:03.391  INFO 14160 --- [    Test worker] o.hibernate.jpa.internal.util.LogHelper  : HHH000204: Processing PersistenceUnitInfo [
	name: default
	...]
2021-08-14 23:30:03.397  INFO 14160 --- [    Test worker] org.hibernate.dialect.Dialect            : HHH000400: Using dialect: org.hibernate.dialect.MySQL5InnoDBDialect
Hibernate: drop table if exists posts
Hibernate: drop table if exists user
Hibernate: create table posts (id bigint not null auto_increment, created_date datetime, modified_date datetime, author varchar(255), content TEXT not null, title varchar(500) not null, primary key (id)) engine=InnoDB
Hibernate: create table user (id bigint not null auto_increment, created_date datetime, modified_date datetime, email varchar(255) not null, name varchar(255) not null, picture varchar(255), role varchar(255) not null, primary key (id)) engine=InnoDB
2021-08-14 23:30:03.440  INFO 14160 --- [    Test worker] o.h.t.schema.internal.SchemaCreatorImpl  : HHH000476: Executing import script 'org.hibernate.tool.schema.internal.exec.ScriptSourceInputNonExistentImpl@70a6d546'
2021-08-14 23:30:03.440  INFO 14160 --- [    Test worker] j.LocalContainerEntityManagerFactoryBean : Initialized JPA EntityManagerFactory for persistence unit 'default'
2021-08-14 23:30:03.616  INFO 14160 --- [    Test worker] o.h.h.i.QueryTranslatorFactoryInitiator  : HHH000397: Using ASTQueryTranslatorFactory
2021-08-14 23:30:03.772  INFO 14160 --- [    Test worker] o.s.s.web.DefaultSecurityFilterChain     : Creating filter chain: any request, [org.springframework.security.web.context.request.async.WebAsyncManagerIntegrationFilter@75a213aa, org.springframework.security.web.context.SecurityContextPersistenceFilter@39c168b0, org.springframework.security.web.header.HeaderWriterFilter@536f2118, org.springframework.security.web.authentication.logout.LogoutFilter@1d5a32aa, org.springframework.security.oauth2.client.web.OAuth2AuthorizationRequestRedirectFilter@55d027a, org.springframework.security.oauth2.client.web.OAuth2LoginAuthenticationFilter@196c406a, org.springframework.security.web.authentication.ui.DefaultLoginPageGeneratingFilter@2fec4b0f, org.springframework.security.web.authentication.ui.DefaultLogoutPageGeneratingFilter@4029c399, org.springframework.security.web.savedrequest.RequestCacheAwareFilter@3c468585, org.springframework.security.web.servletapi.SecurityContextHolderAwareRequestFilter@160b04f4, org.springframework.security.web.authentication.AnonymousAuthenticationFilter@2d0a4734, org.springframework.security.web.session.SessionManagementFilter@3875b29, org.springframework.security.web.access.ExceptionTranslationFilter@f814065, org.springframework.security.web.access.intercept.FilterSecurityInterceptor@7bf9c8f7]
2021-08-14 23:30:04.015  INFO 14160 --- [    Test worker] o.s.s.concurrent.ThreadPoolTaskExecutor  : Initializing ExecutorService 'applicationTaskExecutor'
2021-08-14 23:30:04.027  WARN 14160 --- [    Test worker] aWebConfiguration$JpaWebMvcConfiguration : spring.jpa.open-in-view is enabled by default. Therefore, database queries may be performed during view rendering. Explicitly configure spring.jpa.open-in-view to disable this warning
2021-08-14 23:30:04.052  INFO 14160 --- [    Test worker] o.s.b.a.w.s.WelcomePageHandlerMapping    : Adding welcome page template: index
2021-08-14 23:30:04.350  INFO 14160 --- [    Test worker] s.a.ScheduledAnnotationBeanPostProcessor : No TaskScheduler/ScheduledExecutorService bean found for scheduled processing
2021-08-14 23:30:04.352  INFO 14160 --- [    Test worker] c.j.b.s.d.posts.PostsRepositoryTest      : Started PostsRepositoryTest in 1.455 seconds (JVM running for 11.059)
Hibernate: insert into posts (created_date, modified_date, author, content, title) values (?, ?, ?, ?, ?)
Hibernate: select posts0_.id as id1_0_, posts0_.created_date as created_2_0_, posts0_.modified_date as modified3_0_, posts0_.author as author4_0_, posts0_.content as content5_0_, posts0_.title as title6_0_ from posts posts0_
Hibernate: select posts0_.id as id1_0_, posts0_.created_date as created_2_0_, posts0_.modified_date as modified3_0_, posts0_.author as author4_0_, posts0_.content as content5_0_, posts0_.title as title6_0_ from posts posts0_
Hibernate: delete from posts where id=?
Hibernate: insert into posts (created_date, modified_date, author, content, title) values (?, ?, ?, ?, ?)
Hibernate: select posts0_.id as id1_0_, posts0_.created_date as created_2_0_, posts0_.modified_date as modified3_0_, posts0_.author as author4_0_, posts0_.content as content5_0_, posts0_.title as title6_0_ from posts posts0_
>>>>> createdDate = 2021-08-14T23:30:04.378, modifiedDate = 2021-08-14T23:30:04.378
Hibernate: select posts0_.id as id1_0_, posts0_.created_date as created_2_0_, posts0_.modified_date as modified3_0_, posts0_.author as author4_0_, posts0_.content as content5_0_, posts0_.title as title6_0_ from posts posts0_
Hibernate: delete from posts where id=?
]]></system-out>
  <system-err><![CDATA[]]></system-err>
</testsuite>
